<?xml version="1.0" encoding="UTF-8"?>
<!-- Generated by org.testng.reporters.JUnitXMLReporter -->
<testsuite hostname="user4-PC" ignored="0" name="Default test" tests="4" failures="0" timestamp="25 May 2020 16:29:54 GMT" time="32.004" errors="0">
  <testcase name="@BeforeClass browserLaunch" time="31.831" classname="login.test.FBLogin">
    <failure type="org.openqa.selenium.SessionNotCreatedException" message="session not created: This version of ChromeDriver only supports Chrome version 80
Build info: version: &amp;apos;3.141.59&amp;apos;, revision: &amp;apos;e82be7d358&amp;apos;, time: &amp;apos;2018-11-14T08:17:03&amp;apos;
System info: host: &amp;apos;USER4-PC&amp;apos;, ip: &amp;apos;192.168.225.59&amp;apos;, os.name: &amp;apos;Windows 7&amp;apos;, os.arch: &amp;apos;x86&amp;apos;, os.version: &amp;apos;6.1&amp;apos;, java.version: &amp;apos;1.8.0_241&amp;apos;
Driver info: driver.version: ChromeDriver
remote stacktrace: Backtrace:
	Ordinal0 [0x01280C83+1707139]
	Ordinal0 [0x011E68F1+1075441]
	Ordinal0 [0x0115DFC9+516041]
	Ordinal0 [0x010F0554+66900]
	Ordinal0 [0x010ECCE2+52450]
	Ordinal0 [0x0110BFD7+180183]
	Ordinal0 [0x0110BDDD+179677]
	Ordinal0 [0x01109D4B+171339]
	Ordinal0 [0x010F1D4A+73034]
	Ordinal0 [0x010F2DC0+77248]
	Ordinal0 [0x010F2D59+77145]
	Ordinal0 [0x011FBB67+1162087]
	GetHandleVerifier [0x0131A966+508998]
	GetHandleVerifier [0x0131A6A4+508292]
	GetHandleVerifier [0x0132F7B7+594583]
	GetHandleVerifier [0x0131B1D6+511158]
	Ordinal0 [0x011F402C+1130540]
	Ordinal0 [0x011FD4CB+1168587]
	Ordinal0 [0x011FD633+1168947]
	Ordinal0 [0x01215B35+1268533]
	BaseThreadInitThunk [0x774FEF6C+18]
	RtlInitializeExceptionChain [0x773A3618+239]
	RtlInitializeExceptionChain [0x773A35EB+194]
">
      <![CDATA[org.openqa.selenium.SessionNotCreatedException: session not created: This version of ChromeDriver only supports Chrome version 80
Build info: version: '3.141.59', revision: 'e82be7d358', time: '2018-11-14T08:17:03'
System info: host: 'USER4-PC', ip: '192.168.225.59', os.name: 'Windows 7', os.arch: 'x86', os.version: '6.1', java.version: '1.8.0_241'
Driver info: driver.version: ChromeDriver
remote stacktrace: Backtrace:
Ordinal0 [0x01280C83+1707139]
Ordinal0 [0x011E68F1+1075441]
Ordinal0 [0x0115DFC9+516041]
Ordinal0 [0x010F0554+66900]
Ordinal0 [0x010ECCE2+52450]
Ordinal0 [0x0110BFD7+180183]
Ordinal0 [0x0110BDDD+179677]
Ordinal0 [0x01109D4B+171339]
Ordinal0 [0x010F1D4A+73034]
Ordinal0 [0x010F2DC0+77248]
Ordinal0 [0x010F2D59+77145]
Ordinal0 [0x011FBB67+1162087]
GetHandleVerifier [0x0131A966+508998]
GetHandleVerifier [0x0131A6A4+508292]
GetHandleVerifier [0x0132F7B7+594583]
GetHandleVerifier [0x0131B1D6+511158]
Ordinal0 [0x011F402C+1130540]
Ordinal0 [0x011FD4CB+1168587]
Ordinal0 [0x011FD633+1168947]
Ordinal0 [0x01215B35+1268533]
BaseThreadInitThunk [0x774FEF6C+18]
RtlInitializeExceptionChain [0x773A3618+239]
RtlInitializeExceptionChain [0x773A35EB+194]

at sun.reflect.NativeConstructorAccessorImpl.newInstance0(Native Method)
at sun.reflect.NativeConstructorAccessorImpl.newInstance(Unknown Source)
at sun.reflect.DelegatingConstructorAccessorImpl.newInstance(Unknown Source)
at java.lang.reflect.Constructor.newInstance(Unknown Source)
at org.openqa.selenium.remote.W3CHandshakeResponse.lambda$errorHandler$0(W3CHandshakeResponse.java:62)
at org.openqa.selenium.remote.HandshakeResponse.lambda$getResponseFunction$0(HandshakeResponse.java:30)
at org.openqa.selenium.remote.ProtocolHandshake.lambda$createSession$0(ProtocolHandshake.java:126)
at java.util.stream.ReferencePipeline$3$1.accept(Unknown Source)
at java.util.Spliterators$ArraySpliterator.tryAdvance(Unknown Source)
at java.util.stream.ReferencePipeline.forEachWithCancel(Unknown Source)
at java.util.stream.AbstractPipeline.copyIntoWithCancel(Unknown Source)
at java.util.stream.AbstractPipeline.copyInto(Unknown Source)
at java.util.stream.AbstractPipeline.wrapAndCopyInto(Unknown Source)
at java.util.stream.FindOps$FindOp.evaluateSequential(Unknown Source)
at java.util.stream.AbstractPipeline.evaluate(Unknown Source)
at java.util.stream.ReferencePipeline.findFirst(Unknown Source)
at org.openqa.selenium.remote.ProtocolHandshake.createSession(ProtocolHandshake.java:128)
at org.openqa.selenium.remote.ProtocolHandshake.createSession(ProtocolHandshake.java:74)
at org.openqa.selenium.remote.HttpCommandExecutor.execute(HttpCommandExecutor.java:136)
at org.openqa.selenium.remote.service.DriverCommandExecutor.execute(DriverCommandExecutor.java:83)
at org.openqa.selenium.remote.RemoteWebDriver.execute(RemoteWebDriver.java:552)
at org.openqa.selenium.remote.RemoteWebDriver.startSession(RemoteWebDriver.java:213)
at org.openqa.selenium.remote.RemoteWebDriver.<init>(RemoteWebDriver.java:131)
at org.openqa.selenium.chrome.ChromeDriver.<init>(ChromeDriver.java:181)
at org.openqa.selenium.chrome.ChromeDriver.<init>(ChromeDriver.java:168)
at org.openqa.selenium.chrome.ChromeDriver.<init>(ChromeDriver.java:123)
at login.test.FBLogin.browserLaunch(FBLogin.java:19)
at sun.reflect.NativeMethodAccessorImpl.invoke0(Native Method)
at sun.reflect.NativeMethodAccessorImpl.invoke(Unknown Source)
at sun.reflect.DelegatingMethodAccessorImpl.invoke(Unknown Source)
at java.lang.reflect.Method.invoke(Unknown Source)
at org.testng.internal.MethodInvocationHelper.invokeMethod(MethodInvocationHelper.java:124)
at org.testng.internal.MethodInvocationHelper.invokeMethodConsideringTimeout(MethodInvocationHelper.java:59)
at org.testng.internal.Invoker.invokeConfigurationMethod(Invoker.java:458)
at org.testng.internal.Invoker.invokeConfigurations(Invoker.java:222)
at org.testng.internal.Invoker.invokeConfigurations(Invoker.java:142)
at org.testng.internal.TestMethodWorker.invokeBeforeClassMethods(TestMethodWorker.java:168)
at org.testng.internal.TestMethodWorker.run(TestMethodWorker.java:105)
at org.testng.TestRunner.privateRun(TestRunner.java:648)
at org.testng.TestRunner.run(TestRunner.java:505)
at org.testng.SuiteRunner.runTest(SuiteRunner.java:455)
at org.testng.SuiteRunner.runSequentially(SuiteRunner.java:450)
at org.testng.SuiteRunner.privateRun(SuiteRunner.java:415)
at org.testng.SuiteRunner.run(SuiteRunner.java:364)
at org.testng.SuiteRunnerWorker.runSuite(SuiteRunnerWorker.java:52)
at org.testng.SuiteRunnerWorker.run(SuiteRunnerWorker.java:84)
at org.testng.TestNG.runSuitesSequentially(TestNG.java:1208)
at org.testng.TestNG.runSuitesLocally(TestNG.java:1137)
at org.testng.TestNG.runSuites(TestNG.java:1049)
at org.testng.TestNG.run(TestNG.java:1017)
at org.testng.remote.AbstractRemoteTestNG.run(AbstractRemoteTestNG.java:114)
at org.testng.remote.RemoteTestNG.initAndRun(RemoteTestNG.java:251)
at org.testng.remote.RemoteTestNG.main(RemoteTestNG.java:77)
]]>
    </failure>
  </testcase> <!-- @BeforeClass browserLaunch -->
  <testcase name="correctUserPass" time="0.0" classname="login.test.FBLogin">
    <skipped/>
  </testcase> <!-- correctUserPass -->
  <testcase name="correctUser" time="0.0" classname="login.test.FBLogin">
    <skipped/>
  </testcase> <!-- correctUser -->
  <testcase name="correctPass" time="0.0" classname="login.test.FBLogin">
    <skipped/>
  </testcase> <!-- correctPass -->
  <testcase name="incorrectUserPass" time="0.0" classname="login.test.FBLogin">
    <skipped/>
  </testcase> <!-- incorrectUserPass -->
</testsuite> <!-- Default test -->
